181128 14:03:26 [Note] Plugin 'FEDERATED' is disabled.
181128 14:03:26 InnoDB: The InnoDB memory heap is disabled
181128 14:03:26 InnoDB: Mutexes and rw_locks use Windows interlocked functions
181128 14:03:26 InnoDB: Compressed tables use zlib 1.2.3
181128 14:03:26 InnoDB: Initializing buffer pool, size = 128.0M
181128 14:03:26 InnoDB: Completed initialization of buffer pool
181128 14:03:26 InnoDB: highest supported file format is Barracuda.
InnoDB: The log sequence number in ibdata files does not match
InnoDB: the log sequence number in the ib_logfiles!
181128 14:03:26  InnoDB: Database was not shut down normally!
InnoDB: Starting crash recovery.
InnoDB: Reading tablespace information from the .ibd files...
InnoDB: Restoring possible half-written data pages from the doublewrite
InnoDB: buffer...
181128 14:03:27  InnoDB: Waiting for the background threads to start
181128 14:03:28 InnoDB: 1.1.8 started; log sequence number 1969038
181203 10:30:53 [Note] Plugin 'FEDERATED' is disabled.
181203 10:30:53 InnoDB: The InnoDB memory heap is disabled
181203 10:30:53 InnoDB: Mutexes and rw_locks use Windows interlocked functions
181203 10:30:53 InnoDB: Compressed tables use zlib 1.2.3
181203 10:30:53 InnoDB: Initializing buffer pool, size = 128.0M
181203 10:30:53 InnoDB: Completed initialization of buffer pool
181203 10:30:54 InnoDB: highest supported file format is Barracuda.
InnoDB: The log sequence number in ibdata files does not match
InnoDB: the log sequence number in the ib_logfiles!
181203 10:30:54  InnoDB: Database was not shut down normally!
InnoDB: Starting crash recovery.
InnoDB: Reading tablespace information from the .ibd files...
InnoDB: Restoring possible half-written data pages from the doublewrite
InnoDB: buffer...
181203 10:30:54  InnoDB: Waiting for the background threads to start
181203 10:30:55 InnoDB: 1.1.8 started; log sequence number 1969038
181204  8:44:34 [Note] Plugin 'FEDERATED' is disabled.
181204  8:44:34 InnoDB: The InnoDB memory heap is disabled
181204  8:44:34 InnoDB: Mutexes and rw_locks use Windows interlocked functions
181204  8:44:34 InnoDB: Compressed tables use zlib 1.2.3
181204  8:44:34 InnoDB: Initializing buffer pool, size = 128.0M
181204  8:44:34 InnoDB: Completed initialization of buffer pool
181204  8:44:34 InnoDB: highest supported file format is Barracuda.
InnoDB: The log sequence number in ibdata files does not match
InnoDB: the log sequence number in the ib_logfiles!
181204  8:44:34  InnoDB: Database was not shut down normally!
InnoDB: Starting crash recovery.
InnoDB: Reading tablespace information from the .ibd files...
InnoDB: Restoring possible half-written data pages from the doublewrite
InnoDB: buffer...
181204  8:44:35  InnoDB: Waiting for the background threads to start
181204  8:44:36 InnoDB: 1.1.8 started; log sequence number 2014100
181210  7:30:59 [Note] Plugin 'FEDERATED' is disabled.
181210  7:30:59 InnoDB: The InnoDB memory heap is disabled
181210  7:30:59 InnoDB: Mutexes and rw_locks use Windows interlocked functions
181210  7:30:59 InnoDB: Compressed tables use zlib 1.2.3
181210  7:30:59 InnoDB: Initializing buffer pool, size = 128.0M
181210  7:30:59 InnoDB: Completed initialization of buffer pool
181210  7:30:59 InnoDB: highest supported file format is Barracuda.
InnoDB: The log sequence number in ibdata files does not match
InnoDB: the log sequence number in the ib_logfiles!
181210  7:30:59  InnoDB: Database was not shut down normally!
InnoDB: Starting crash recovery.
InnoDB: Reading tablespace information from the .ibd files...
InnoDB: Restoring possible half-written data pages from the doublewrite
InnoDB: buffer...
181210  7:31:00  InnoDB: Waiting for the background threads to start
181210  7:31:01 InnoDB: 1.1.8 started; log sequence number 2100421
181210 10:47:37 [Note] Plugin 'FEDERATED' is disabled.
181210 10:47:37 InnoDB: The InnoDB memory heap is disabled
181210 10:47:37 InnoDB: Mutexes and rw_locks use Windows interlocked functions
181210 10:47:37 InnoDB: Compressed tables use zlib 1.2.3
181210 10:47:37 InnoDB: Initializing buffer pool, size = 128.0M
181210 10:47:37 InnoDB: Completed initialization of buffer pool
181210 10:47:37 InnoDB: highest supported file format is Barracuda.
InnoDB: The log sequence number in ibdata files does not match
InnoDB: the log sequence number in the ib_logfiles!
181210 10:47:37  InnoDB: Database was not shut down normally!
InnoDB: Starting crash recovery.
InnoDB: Reading tablespace information from the .ibd files...
InnoDB: Restoring possible half-written data pages from the doublewrite
InnoDB: buffer...
181210 10:47:39  InnoDB: Waiting for the background threads to start
181210 10:47:40 InnoDB: 1.1.8 started; log sequence number 2257178
181210 10:47:41 [Note] Event Scheduler: Loaded 0 events
181210 10:47:41 [Note] E:\2ºDAM\AD\Proyecto X\USBWebserver v8.5\USBWebserver v8.5\8.5/mysql/bin/mysqld_usbwv8.exe: ready for connections.
Version: '5.5.20'  socket: ''  port: 3307  MySQL Community Server (GPL)
181210 10:47:52 [Note] Plugin 'FEDERATED' is disabled.
181210 10:47:52 InnoDB: The InnoDB memory heap is disabled
181210 10:47:52 InnoDB: Mutexes and rw_locks use Windows interlocked functions
181210 10:47:52 InnoDB: Compressed tables use zlib 1.2.3
181210 10:47:52 InnoDB: Initializing buffer pool, size = 128.0M
181210 10:47:52 InnoDB: Completed initialization of buffer pool
181210 10:47:52 InnoDB: highest supported file format is Barracuda.
InnoDB: The log sequence number in ibdata files does not match
InnoDB: the log sequence number in the ib_logfiles!
181210 10:47:52  InnoDB: Database was not shut down normally!
InnoDB: Starting crash recovery.
InnoDB: Reading tablespace information from the .ibd files...
InnoDB: Restoring possible half-written data pages from the doublewrite
InnoDB: buffer...
181210 10:47:54  InnoDB: Waiting for the background threads to start
181210 10:47:55 InnoDB: 1.1.8 started; log sequence number 2257178
